This file contains any messages produced by compilers while
running configure, to aid debugging if configure makes a mistake.

It was created by configure, which was
generated by GNU Autoconf 2.52.20120310.  Invocation command line was

  $ ./configure 

## ---------- ##
## Platform.  ##
## ---------- ##

hostname = mcguire
uname -m = x86_64
uname -r = 11.3.0
uname -s = Darwin
uname -v = Darwin Kernel Version 11.3.0: Thu Jan 12 18:47:41 PST 2012; root:xnu-1699.24.23~1/RELEASE_X86_64

/usr/bin/uname -p = i386
/bin/uname -X     = unknown

/bin/arch              = unknown
/usr/bin/arch -k       = unknown
/usr/convex/getsysinfo = unknown
hostinfo               = Mach kernel version:
	 Darwin Kernel Version 11.3.0: Thu Jan 12 18:47:41 PST 2012; root:xnu-1699.24.23~1/RELEASE_X86_64
Kernel configured for up to 4 processors.
2 processors are physically available.
4 processors are logically available.
Processor type: i486 (Intel 80486)
Processors active: 0 1 2 3
Primary memory available: 8.00 gigabytes
Default processor set: 104 tasks, 483 threads, 4 processors
Load average: 0.51, Mach factor: 3.48
/bin/machine           = unknown
/usr/bin/oslevel       = unknown
/bin/universe          = unknown

PATH = /opt/local/bin:/opt/local/sbin:~/bin:/Library/Frameworks/Python.framework/Versions/Current/bin:.:/usr/texbin:/Applications/Doxygen.app/Contents/Resources/:/Volumes/Volatile/G3D/g3dsvn/G3D9/bin:/opt/local/bin:/opt/local/sbin:/usr/local/cuda/bin:/usr/bin:/bin:/usr/sbin:/sbin:/usr/local/bin:/usr/X11/bin

## ------------ ##
## Core tests.  ##
## ------------ ##

configure:936: PATH=".;."; conftest.sh
./configure: line 937: conftest.sh: command not found
configure:939: $? = 127
configure:981: checking build system type
configure:999: result: x86_64-apple-darwin11.3.0
configure:1007: checking host system type
configure:1021: result: x86_64-apple-darwin11.3.0
configure:1046: result: Configuring for darwin11.3.0
configure:1107: checking for g++
configure:1122: found /usr/bin/g++
configure:1130: result: g++
configure:1145: checking for C++ compiler version
configure:1148: g++ --version </dev/null >&5
i686-apple-darwin11-llvm-g++-4.2 (GCC) 4.2.1 (Based on Apple Inc. build 5658) (LLVM build 2336.1.00)
Copyright (C) 2007 Free Software Foundation, Inc.
This is free software; see the source for copying conditions.  There is NO
warranty; not even for MERCHANTABILITY or FITNESS FOR A PARTICULAR PURPOSE.

configure:1151: $? = 0
configure:1153: g++ -v </dev/null >&5
Using built-in specs.
Target: i686-apple-darwin11
Configured with: /private/var/tmp/llvmgcc42/llvmgcc42-2336.1~22/src/configure --disable-checking --enable-werror --prefix=/Developer/usr/llvm-gcc-4.2 --mandir=/share/man --enable-languages=c,objc,c++,obj-c++ --program-prefix=llvm- --program-transform-name=/^[cg][^.-]*$/s/$/-4.2/ --with-slibdir=/usr/lib --build=i686-apple-darwin11 --enable-llvm=/private/var/tmp/llvmgcc42/llvmgcc42-2336.1~22/dst-llvmCore/Developer/usr/local --program-prefix=i686-apple-darwin11- --host=x86_64-apple-darwin11 --target=i686-apple-darwin11 --with-gxx-include-dir=/usr/include/c++/4.2.1
Thread model: posix
gcc version 4.2.1 (Based on Apple Inc. build 5658) (LLVM build 2336.1.00)
configure:1156: $? = 0
configure:1158: g++ -V </dev/null >&5
llvm-g++-4.2: argument to `-V' is missing
configure:1161: $? = 1
configure:1181: checking for C++ compiler default output
configure:1184: g++ -m32   conftest.cc  >&5
configure:1187: $? = 0
configure:1216: result: a.out
configure:1221: checking whether the C++ compiler works
configure:1227: ./a.out
configure:1230: $? = 0
configure:1245: result: yes
configure:1252: checking whether we are cross compiling
configure:1254: result: no
configure:1257: checking for executable suffix
configure:1259: g++ -o conftest -m32   conftest.cc  >&5
configure:1262: $? = 0
configure:1284: result: 
configure:1290: checking for object suffix
configure:1308: g++ -c -m32  conftest.cc >&5
configure:1311: $? = 0
configure:1330: result: o
configure:1334: checking whether we are using the GNU C++ compiler
configure:1355: g++ -c -m32  conftest.cc >&5
configure:1358: $? = 0
configure:1361: test -s conftest.o
configure:1364: $? = 0
configure:1376: result: yes
configure:1382: checking whether g++ accepts -g
configure:1400: g++ -c -g  conftest.cc >&5
configure:1403: $? = 0
configure:1406: test -s conftest.o
configure:1409: $? = 0
configure:1419: result: yes
configure:1459: g++ -c -m32  conftest.cc >&5
configure:1462: $? = 0
configure:1465: test -s conftest.o
configure:1468: $? = 0
configure:1490: g++ -c -m32  conftest.cc >&5
configure: In function 'int main()':
configure:1483: error: 'exit' was not declared in this scope
configure:1493: $? = 1
configure: failed program was:
#line 1478 "configure"
#include "confdefs.h"

int
main ()
{
exit (42);
  ;
  return 0;
}
configure:1459: g++ -c -m32  conftest.cc >&5
configure:1462: $? = 0
configure:1465: test -s conftest.o
configure:1468: $? = 0
configure:1490: g++ -c -m32  conftest.cc >&5
configure:1493: $? = 0
configure:1496: test -s conftest.o
configure:1499: $? = 0
configure:1528: checking how to run the C++ preprocessor
configure:1550: g++ -E  conftest.cc
configure:1556: $? = 0
configure:1583: g++ -E  conftest.cc
configure:1580:28: error: ac_nonexistent.h: No such file or directory
configure:1589: $? = 1
configure: failed program was:
#line 1579 "configure"
#include "confdefs.h"
#include <ac_nonexistent.h>
configure:1626: result: g++ -E
configure:1641: g++ -E  conftest.cc
configure:1647: $? = 0
configure:1674: g++ -E  conftest.cc
configure:1671:28: error: ac_nonexistent.h: No such file or directory
configure:1680: $? = 1
configure: failed program was:
#line 1670 "configure"
#include "confdefs.h"
#include <ac_nonexistent.h>
configure:1732: checking for a BSD compatible install
configure:1781: result: /usr/bin/install -c
configure:1799: checking if you want to see long compiling messages
configure:1833: result: yes
configure:1880: checking for gcc
configure:1895: found /usr/bin/gcc
configure:1903: result: gcc
configure:2131: checking for C compiler version
configure:2134: gcc --version </dev/null >&5
i686-apple-darwin11-llvm-gcc-4.2 (GCC) 4.2.1 (Based on Apple Inc. build 5658) (LLVM build 2336.1.00)
Copyright (C) 2007 Free Software Foundation, Inc.
This is free software; see the source for copying conditions.  There is NO
warranty; not even for MERCHANTABILITY or FITNESS FOR A PARTICULAR PURPOSE.

configure:2137: $? = 0
configure:2139: gcc -v </dev/null >&5
Using built-in specs.
Target: i686-apple-darwin11
Configured with: /private/var/tmp/llvmgcc42/llvmgcc42-2336.1~22/src/configure --disable-checking --enable-werror --prefix=/Developer/usr/llvm-gcc-4.2 --mandir=/share/man --enable-languages=c,objc,c++,obj-c++ --program-prefix=llvm- --program-transform-name=/^[cg][^.-]*$/s/$/-4.2/ --with-slibdir=/usr/lib --build=i686-apple-darwin11 --enable-llvm=/private/var/tmp/llvmgcc42/llvmgcc42-2336.1~22/dst-llvmCore/Developer/usr/local --program-prefix=i686-apple-darwin11- --host=x86_64-apple-darwin11 --target=i686-apple-darwin11 --with-gxx-include-dir=/usr/include/c++/4.2.1
Thread model: posix
gcc version 4.2.1 (Based on Apple Inc. build 5658) (LLVM build 2336.1.00)
configure:2142: $? = 0
configure:2144: gcc -V </dev/null >&5
llvm-gcc-4.2: argument to `-V' is missing
configure:2147: $? = 1
configure:2150: checking whether we are using the GNU C compiler
configure:2171: gcc -c -m32  conftest.c >&5
configure:2174: $? = 0
configure:2177: test -s conftest.o
configure:2180: $? = 0
configure:2192: result: yes
configure:2198: checking whether gcc accepts -g
configure:2216: gcc -c -g  conftest.c >&5
configure:2219: $? = 0
configure:2222: test -s conftest.o
configure:2225: $? = 0
configure:2235: result: yes
configure:2262: gcc -c -m32  conftest.c >&5
conftest.c:2: error: expected '=', ',', ';', 'asm' or '__attribute__' before 'me'
configure:2265: $? = 1
configure: failed program was:
#ifndef __cplusplus
  choke me
#endif
configure:2370: checking how to run the C preprocessor
configure:2396: gcc -E  conftest.c
configure:2402: $? = 0
configure:2429: gcc -E  conftest.c
configure:2426:28: error: ac_nonexistent.h: No such file or directory
configure:2435: $? = 1
configure: failed program was:
#line 2425 "configure"
#include "confdefs.h"
#include <ac_nonexistent.h>
configure:2472: result: gcc -E
configure:2487: gcc -E  conftest.c
configure:2493: $? = 0
configure:2520: gcc -E  conftest.c
configure:2517:28: error: ac_nonexistent.h: No such file or directory
configure:2526: $? = 1
configure: failed program was:
#line 2516 "configure"
#include "confdefs.h"
#include <ac_nonexistent.h>
configure:2568: checking version of g++
configure:2572: result: 4.2.1
configure:2686: checking for g++ warning options...
configure:2715: g++ -c -m32 -W -Wall -Werror -Wabi  conftest.cc >&5
configure:2718: $? = 0
configure:2715: g++ -c -m32 -W -Wall -Wabi -Werror -fabi-version=0  conftest.cc >&5
configure:2718: $? = 0
configure:2715: g++ -c -m32 -W -Wall -Wabi -fabi-version=0 -Werror -Woverloaded-virtual  conftest.cc >&5
configure:2718: $? = 0
configure:2715: g++ -c -m32 -W -Wall -Wabi -fabi-version=0 -Woverloaded-virtual -Werror -Wsign-promo  conftest.cc >&5
configure:2718: $? = 0
configure:2715: g++ -c -m32 -W -Wall -Wabi -fabi-version=0 -Woverloaded-virtual -Wsign-promo -Werror -Wsynth  conftest.cc >&5
configure:2718: $? = 0
configure:2715: g++ -c -m32 -W -Wall -Wabi -fabi-version=0 -Woverloaded-virtual -Wsign-promo -Wsynth -Werror -Wold-style-cast  conftest.cc >&5
configure:2718: $? = 0
configure:2715: g++ -c -m32 -W -Wall -Wabi -fabi-version=0 -Woverloaded-virtual -Wsign-promo -Wsynth -Wold-style-cast -Werror -Wcast-align  conftest.cc >&5
configure:2718: $? = 0
configure:2715: g++ -c -m32 -W -Wall -Wabi -fabi-version=0 -Woverloaded-virtual -Wsign-promo -Wsynth -Wold-style-cast -Wcast-align -Werror -Wcast-qual  conftest.cc >&5
configure:2718: $? = 0
configure:2715: g++ -c -m32 -W -Wall -Wabi -fabi-version=0 -Woverloaded-virtual -Wsign-promo -Wsynth -Wold-style-cast -Wcast-align -Wcast-qual -Werror -Wmissing-prototypes  conftest.cc >&5
configure:2718: $? = 0
configure:2715: g++ -c -m32 -W -Wall -Wabi -fabi-version=0 -Woverloaded-virtual -Wsign-promo -Wsynth -Wold-style-cast -Wcast-align -Wcast-qual -Wmissing-prototypes -Werror -Wpointer-arith  conftest.cc >&5
configure:2718: $? = 0
configure:2715: g++ -c -m32 -W -Wall -Wabi -fabi-version=0 -Woverloaded-virtual -Wsign-promo -Wsynth -Wold-style-cast -Wcast-align -Wcast-qual -Wmissing-prototypes -Wpointer-arith -Werror -Wshadow  conftest.cc >&5
configure:2718: $? = 0
configure:2715: g++ -c -m32 -W -Wall -Wabi -fabi-version=0 -Woverloaded-virtual -Wsign-promo -Wsynth -Wold-style-cast -Wcast-align -Wcast-qual -Wmissing-prototypes -Wpointer-arith -Wshadow -Werror -Wstrict-prototypes  conftest.cc >&5
cc1plus: warnings being treated as errors
cc1plus: warning: command line option "-Wstrict-prototypes" is valid for Ada/C/ObjC but not for C++
configure:2718: $? = 1
configure:2715: g++ -c -m32 -W -Wall -Wabi -fabi-version=0 -Woverloaded-virtual -Wsign-promo -Wsynth -Wold-style-cast -Wcast-align -Wcast-qual -Wmissing-prototypes -Wpointer-arith -Wshadow -Werror -Wundef  conftest.cc >&5
configure:2718: $? = 0
configure:2715: g++ -c -m32 -W -Wall -Wabi -fabi-version=0 -Woverloaded-virtual -Wsign-promo -Wsynth -Wold-style-cast -Wcast-align -Wcast-qual -Wmissing-prototypes -Wpointer-arith -Wshadow -Wundef -Werror -Weffc++  conftest.cc >&5
configure:2718: $? = 0
configure:2739: checking for ANSI C header files
configure:2753: g++ -E  conftest.cc
configure:2759: $? = 0
configure:2846: g++ -o conftest -m32   conftest.cc  >&5
configure:2849: $? = 0
configure:2851: ./conftest
configure:2854: $? = 0
configure:2867: result: yes
configure:2882: checking for unistd.h
configure:2892: g++ -E  conftest.cc
configure:2898: $? = 0
configure:2917: result: yes
configure:3008: creating ./config.status

## ----------------------- ##
## Running config.status.  ##
## ----------------------- ##

This file was extended by config.status 2.52.20120310, executed with
  CONFIG_FILES    = 
  CONFIG_HEADERS  = 
  CONFIG_LINKS    = 
  CONFIG_COMMANDS = 
  > ./config.status 
on mcguire

config.status:3467: creating makefile
config.status:3467: creating code/makefile
config.status:3564: creating code/autoconf.h

## ----------------- ##
## Cache variables.  ##
## ----------------- ##

ac_cv_build=x86_64-apple-darwin11.3.0
ac_cv_build_alias=x86_64-apple-darwin11.3.0
ac_cv_c_compiler_gnu=yes
ac_cv_cxx_compiler_gnu=yes
ac_cv_env_CC_set=
ac_cv_env_CC_value=
ac_cv_env_CFLAGS_set=set
ac_cv_env_CFLAGS_value=-m32
ac_cv_env_CPPFLAGS_set=
ac_cv_env_CPPFLAGS_value=
ac_cv_env_CPP_set=
ac_cv_env_CPP_value=
ac_cv_env_CXXCPP_set=
ac_cv_env_CXXCPP_value=
ac_cv_env_CXXFLAGS_set=set
ac_cv_env_CXXFLAGS_value=-m32
ac_cv_env_CXX_set=
ac_cv_env_CXX_value=
ac_cv_env_LDFLAGS_set=
ac_cv_env_LDFLAGS_value=
ac_cv_env_build_alias_set=
ac_cv_env_build_alias_value=
ac_cv_env_host_alias_set=
ac_cv_env_host_alias_value=
ac_cv_env_target_alias_set=
ac_cv_env_target_alias_value=
ac_cv_header_stdc=yes
ac_cv_header_unistd_h=yes
ac_cv_host=x86_64-apple-darwin11.3.0
ac_cv_host_alias=x86_64-apple-darwin11.3.0
ac_cv_objext=o
ac_cv_path_install='/usr/bin/install -c'
ac_cv_prog_CPP='gcc -E'
ac_cv_prog_CXXCPP='g++ -E'
ac_cv_prog_ac_ct_CC=gcc
ac_cv_prog_ac_ct_CXX=g++
ac_cv_prog_cc_g=yes
ac_cv_prog_cxx_g=yes
cf_cv_system_name=darwin11.3.0

## ------------ ##
## confdefs.h.  ##
## ------------ ##

#define SYSTEM_NAME "darwin11.3.0"
#ifdef __cplusplus
#include <stdlib.h>
#endif
#define STDC_HEADERS 1
#define HAVE_UNISTD_H 1


configure: exit 0
